2020-05-18 14:24:42.263  INFO 11684 --- [main] c.p.erp.heap_flow.HeapFlowApplication    : Starting HeapFlowApplication on RAIPUR with PID 11684 (D:\personal-learning\code2\heap-flow\heap_flow\target\classes started by dilawar in D:\personal-learning\code2\heap-flow\heap_flow)
2020-05-18 14:24:42.272 DEBUG 11684 --- [main] c.p.erp.heap_flow.HeapFlowApplication    : Running with Spring Boot v2.2.6.RELEASE, Spring v5.2.5.RELEASE
2020-05-18 14:24:42.273  INFO 11684 --- [main] c.p.erp.heap_flow.HeapFlowApplication    : No active profile set, falling back to default profiles: default
2020-05-18 14:24:45.275  INFO 11684 --- [main] .s.d.r.c.RepositoryConfigurationDelegate : Bootstrapping Spring Data JPA repositories in DEFAULT mode.
2020-05-18 14:24:45.617  INFO 11684 --- [main] .s.d.r.c.RepositoryConfigurationDelegate : Finished Spring Data repository scanning in 321ms. Found 7 JPA repository interfaces.
2020-05-18 14:24:47.286  INFO 11684 --- [main] o.s.b.w.embedded.tomcat.TomcatWebServer  : Tomcat initialized with port(s): 9443 (http)
2020-05-18 14:24:47.309  INFO 11684 --- [main] o.apache.catalina.core.StandardService   : Starting service [Tomcat]
2020-05-18 14:24:47.310  INFO 11684 --- [main] org.apache.catalina.core.StandardEngine  : Starting Servlet engine: [Apache Tomcat/9.0.33]
2020-05-18 14:24:47.672  INFO 11684 --- [main] o.a.c.c.C.[Tomcat].[localhost].[/]       : Initializing Spring embedded WebApplicationContext
2020-05-18 14:24:47.673  INFO 11684 --- [main] o.s.web.context.ContextLoader            : Root WebApplicationContext: initialization completed in 5285 ms
2020-05-18 14:24:48.022  INFO 11684 --- [main] com.zaxxer.hikari.HikariDataSource       : HikariPool-1 - Starting...
2020-05-18 14:24:48.957  INFO 11684 --- [main] com.zaxxer.hikari.HikariDataSource       : HikariPool-1 - Start completed.
2020-05-18 14:24:49.076  INFO 11684 --- [main] o.hibernate.jpa.internal.util.LogHelper  : HHH000204: Processing PersistenceUnitInfo [name: default]
2020-05-18 14:24:49.341  INFO 11684 --- [main] org.hibernate.Version                    : HHH000412: Hibernate ORM core version 5.4.12.Final
2020-05-18 14:24:49.850  INFO 11684 --- [main] o.hibernate.annotations.common.Version   : HCANN000001: Hibernate Commons Annotations {5.1.0.Final}
2020-05-18 14:24:50.308  INFO 11684 --- [main] org.hibernate.dialect.Dialect            : HHH000400: Using dialect: org.hibernate.dialect.MySQL8Dialect
2020-05-18 14:24:52.149  INFO 11684 --- [main] o.h.e.t.j.p.i.JtaPlatformInitiator       : HHH000490: Using JtaPlatform implementation: [org.hibernate.engine.transaction.jta.platform.internal.NoJtaPlatform]
2020-05-18 14:24:52.286  INFO 11684 --- [main] j.LocalContainerEntityManagerFactoryBean : Initialized JPA EntityManagerFactory for persistence unit 'default'
2020-05-18 14:24:53.832  WARN 11684 --- [main] JpaBaseConfiguration$JpaWebConfiguration : spring.jpa.open-in-view is enabled by default. Therefore, database queries may be performed during view rendering. Explicitly configure spring.jpa.open-in-view to disable this warning
2020-05-18 14:24:54.062  INFO 11684 --- [main] o.s.s.concurrent.ThreadPoolTaskExecutor  : Initializing ExecutorService 'applicationTaskExecutor'
2020-05-18 14:24:54.737  INFO 11684 --- [main] o.s.b.w.embedded.tomcat.TomcatWebServer  : Tomcat started on port(s): 9443 (http) with context path ''
2020-05-18 14:24:54.741  INFO 11684 --- [main] c.p.erp.heap_flow.HeapFlowApplication    : Started HeapFlowApplication in 13.706 seconds (JVM running for 15.271)
2020-05-18 14:25:31.965  INFO 11684 --- [http-nio-9443-exec-1] o.a.c.c.C.[Tomcat].[localhost].[/]       : Initializing Spring DispatcherServlet 'dispatcherServlet'
2020-05-18 14:25:31.966  INFO 11684 --- [http-nio-9443-exec-1] o.s.web.servlet.DispatcherServlet        : Initializing Servlet 'dispatcherServlet'
2020-05-18 14:25:32.000  INFO 11684 --- [http-nio-9443-exec-1] o.s.web.servlet.DispatcherServlet        : Completed initialization in 34 ms
2020-05-18 14:25:32.406 DEBUG 11684 --- [http-nio-9443-exec-2] c.p.e.h.controllers.VendorController     : /fetch-vendors-with-name-like/{nameLike} Success
2020-05-18 14:25:32.408 DEBUG 11684 --- [http-nio-9443-exec-3] c.p.e.h.controllers.VendorController     : /fetch-vendors-with-name-like/{nameLike} Success
2020-05-18 14:25:32.414 DEBUG 11684 --- [http-nio-9443-exec-1] c.p.e.h.controllers.VendorController     : /fetch-vendors-with-name-like/{nameLike} Success
2020-05-18 14:25:40.481 DEBUG 11684 --- [http-nio-9443-exec-4] c.p.e.h.controllers.MachineController    : Invoked: /fetch-machines-with-code-like/{codeLike}
2020-05-18 14:25:40.482 DEBUG 11684 --- [http-nio-9443-exec-4] c.p.e.h.controllers.MachineController    : codeLike: a
2020-05-18 14:25:40.531 DEBUG 11684 --- [http-nio-9443-exec-4] c.p.e.h.controllers.MachineController    : /fetch-machines-with-code-like/{codeLike} Success
2020-05-18 14:25:40.534 DEBUG 11684 --- [http-nio-9443-exec-4] c.p.e.h.controllers.MachineController    : response: 

2020-05-18 14:25:40.745 DEBUG 11684 --- [http-nio-9443-exec-5] c.p.e.h.controllers.MachineController    : Invoked: /fetch-machines-with-code-like/{codeLike}
2020-05-18 14:25:40.746 DEBUG 11684 --- [http-nio-9443-exec-5] c.p.e.h.controllers.MachineController    : codeLike: as
2020-05-18 14:25:40.760 DEBUG 11684 --- [http-nio-9443-exec-5] c.p.e.h.controllers.MachineController    : /fetch-machines-with-code-like/{codeLike} Success
2020-05-18 14:25:40.762 DEBUG 11684 --- [http-nio-9443-exec-5] c.p.e.h.controllers.MachineController    : response: 

2020-05-18 14:25:41.021 DEBUG 11684 --- [http-nio-9443-exec-6] c.p.e.h.controllers.MachineController    : Invoked: /fetch-machines-with-code-like/{codeLike}
2020-05-18 14:25:41.021 DEBUG 11684 --- [http-nio-9443-exec-6] c.p.e.h.controllers.MachineController    : codeLike: asm
2020-05-18 14:25:41.084 DEBUG 11684 --- [http-nio-9443-exec-6] c.p.e.h.controllers.MachineController    : /fetch-machines-with-code-like/{codeLike} Success
2020-05-18 14:25:41.084 DEBUG 11684 --- [http-nio-9443-exec-6] c.p.e.h.controllers.MachineController    : response: 

2020-05-18 14:25:43.383 DEBUG 11684 --- [http-nio-9443-exec-7] c.p.e.h.controllers.MachineController    : Invoked: /fetch-machines-with-code-like/{codeLike}
2020-05-18 14:25:43.384 DEBUG 11684 --- [http-nio-9443-exec-7] c.p.e.h.controllers.MachineController    : codeLike: as
2020-05-18 14:25:43.404 DEBUG 11684 --- [http-nio-9443-exec-7] c.p.e.h.controllers.MachineController    : /fetch-machines-with-code-like/{codeLike} Success
2020-05-18 14:25:43.405 DEBUG 11684 --- [http-nio-9443-exec-7] c.p.e.h.controllers.MachineController    : response: 

2020-05-18 14:25:48.092 DEBUG 11684 --- [http-nio-9443-exec-8] c.p.e.h.controllers.MachineController    : Invoked: /fetch-machines-with-code-like/{codeLike}
2020-05-18 14:25:48.092 DEBUG 11684 --- [http-nio-9443-exec-8] c.p.e.h.controllers.MachineController    : codeLike: as 
2020-05-18 14:25:48.102 DEBUG 11684 --- [http-nio-9443-exec-8] c.p.e.h.controllers.MachineController    : /fetch-machines-with-code-like/{codeLike} Success
2020-05-18 14:25:48.103 DEBUG 11684 --- [http-nio-9443-exec-8] c.p.e.h.controllers.MachineController    : response: 

2020-05-18 14:25:50.234 DEBUG 11684 --- [http-nio-9443-exec-9] c.p.e.h.controllers.MachineController    : Invoked: /fetch-machines-with-code-like/{codeLike}
2020-05-18 14:25:50.235 DEBUG 11684 --- [http-nio-9443-exec-9] c.p.e.h.controllers.MachineController    : codeLike: as -
2020-05-18 14:25:50.245 DEBUG 11684 --- [http-nio-9443-exec-9] c.p.e.h.controllers.MachineController    : /fetch-machines-with-code-like/{codeLike} Success
2020-05-18 14:25:50.245 DEBUG 11684 --- [http-nio-9443-exec-9] c.p.e.h.controllers.MachineController    : response: 

2020-05-18 14:25:51.273 DEBUG 11684 --- [http-nio-9443-exec-10] c.p.e.h.controllers.MachineController    : Invoked: /fetch-machines-with-code-like/{codeLike}
2020-05-18 14:25:51.274 DEBUG 11684 --- [http-nio-9443-exec-10] c.p.e.h.controllers.MachineController    : codeLike: as - 
2020-05-18 14:25:51.284 DEBUG 11684 --- [http-nio-9443-exec-10] c.p.e.h.controllers.MachineController    : /fetch-machines-with-code-like/{codeLike} Success
2020-05-18 14:25:51.284 DEBUG 11684 --- [http-nio-9443-exec-10] c.p.e.h.controllers.MachineController    : response: 

2020-05-18 14:25:56.490 DEBUG 11684 --- [http-nio-9443-exec-3] c.p.e.h.controllers.MachineController    : Invoked: /fetch-machines-with-code-like/{codeLike}
2020-05-18 14:25:56.491 DEBUG 11684 --- [http-nio-9443-exec-3] c.p.e.h.controllers.MachineController    : codeLike: as -
2020-05-18 14:25:56.508 DEBUG 11684 --- [http-nio-9443-exec-3] c.p.e.h.controllers.MachineController    : /fetch-machines-with-code-like/{codeLike} Success
2020-05-18 14:25:56.509 DEBUG 11684 --- [http-nio-9443-exec-3] c.p.e.h.controllers.MachineController    : response: 

2020-05-18 14:26:00.828 DEBUG 11684 --- [http-nio-9443-exec-1] c.p.e.h.controllers.MachineController    : Invoked: /fetch-machines-with-code-like/{codeLike}
2020-05-18 14:26:00.829 DEBUG 11684 --- [http-nio-9443-exec-1] c.p.e.h.controllers.MachineController    : codeLike: as 
2020-05-18 14:26:00.835 DEBUG 11684 --- [http-nio-9443-exec-1] c.p.e.h.controllers.MachineController    : /fetch-machines-with-code-like/{codeLike} Success
2020-05-18 14:26:00.835 DEBUG 11684 --- [http-nio-9443-exec-1] c.p.e.h.controllers.MachineController    : response: 

2020-05-18 14:29:55.021 DEBUG 11684 --- [http-nio-9443-exec-6] c.p.e.h.controllers.MachineController    : Invoked: /fetch-machines-with-code-like/{codeLike}
2020-05-18 14:29:55.021 DEBUG 11684 --- [http-nio-9443-exec-6] c.p.e.h.controllers.MachineController    : codeLike: as
2020-05-18 14:29:55.064 DEBUG 11684 --- [http-nio-9443-exec-6] c.p.e.h.controllers.MachineController    : /fetch-machines-with-code-like/{codeLike} Success
2020-05-18 14:29:55.065 DEBUG 11684 --- [http-nio-9443-exec-6] c.p.e.h.controllers.MachineController    : response: 

2020-05-18 14:29:57.504 DEBUG 11684 --- [http-nio-9443-exec-7] c.p.e.h.controllers.MachineController    : Invoked: /fetch-machines-with-code-like/{codeLike}
2020-05-18 14:29:57.505 DEBUG 11684 --- [http-nio-9443-exec-7] c.p.e.h.controllers.MachineController    : codeLike: asb
2020-05-18 14:29:57.533 DEBUG 11684 --- [http-nio-9443-exec-7] c.p.e.h.controllers.MachineController    : /fetch-machines-with-code-like/{codeLike} Success
2020-05-18 14:29:57.535 DEBUG 11684 --- [http-nio-9443-exec-7] c.p.e.h.controllers.MachineController    : response: 

2020-05-18 14:29:57.984 DEBUG 11684 --- [http-nio-9443-exec-8] c.p.e.h.controllers.MachineController    : Invoked: /fetch-machines-with-code-like/{codeLike}
2020-05-18 14:29:57.984 DEBUG 11684 --- [http-nio-9443-exec-8] c.p.e.h.controllers.MachineController    : codeLike: asb 
2020-05-18 14:29:58.000 DEBUG 11684 --- [http-nio-9443-exec-8] c.p.e.h.controllers.MachineController    : /fetch-machines-with-code-like/{codeLike} Success
2020-05-18 14:29:58.001 DEBUG 11684 --- [http-nio-9443-exec-8] c.p.e.h.controllers.MachineController    : response: 

2020-05-18 14:30:02.660 DEBUG 11684 --- [http-nio-9443-exec-9] c.p.e.h.controllers.MachineController    : Invoked: /fetch-machines-with-code-like/{codeLike}
2020-05-18 14:30:02.660 DEBUG 11684 --- [http-nio-9443-exec-9] c.p.e.h.controllers.MachineController    : codeLike: asb -
2020-05-18 14:30:02.697 DEBUG 11684 --- [http-nio-9443-exec-9] c.p.e.h.controllers.MachineController    : /fetch-machines-with-code-like/{codeLike} Success
2020-05-18 14:30:02.698 DEBUG 11684 --- [http-nio-9443-exec-9] c.p.e.h.controllers.MachineController    : response: 

2020-05-18 14:30:03.104 DEBUG 11684 --- [http-nio-9443-exec-10] c.p.e.h.controllers.MachineController    : Invoked: /fetch-machines-with-code-like/{codeLike}
2020-05-18 14:30:03.104 DEBUG 11684 --- [http-nio-9443-exec-10] c.p.e.h.controllers.MachineController    : codeLike: asb - 
2020-05-18 14:30:03.119 DEBUG 11684 --- [http-nio-9443-exec-10] c.p.e.h.controllers.MachineController    : /fetch-machines-with-code-like/{codeLike} Success
2020-05-18 14:30:03.120 DEBUG 11684 --- [http-nio-9443-exec-10] c.p.e.h.controllers.MachineController    : response: 

2020-05-18 14:30:09.466 DEBUG 11684 --- [http-nio-9443-exec-1] c.p.e.h.controllers.MachineController    : Invoked: /fetch-machines-with-code-like/{codeLike}
2020-05-18 14:30:09.467 DEBUG 11684 --- [http-nio-9443-exec-1] c.p.e.h.controllers.MachineController    : codeLike: asb - 2
2020-05-18 14:30:09.475 DEBUG 11684 --- [http-nio-9443-exec-1] c.p.e.h.controllers.MachineController    : /fetch-machines-with-code-like/{codeLike} Success
2020-05-18 14:30:09.476 DEBUG 11684 --- [http-nio-9443-exec-1] c.p.e.h.controllers.MachineController    : response: 

2020-05-18 14:30:11.053 DEBUG 11684 --- [http-nio-9443-exec-2] c.p.e.h.controllers.MachineController    : Invoked: /fetch-machines-with-code-like/{codeLike}
2020-05-18 14:30:11.053 DEBUG 11684 --- [http-nio-9443-exec-2] c.p.e.h.controllers.MachineController    : codeLike: asb - 
2020-05-18 14:30:11.071 DEBUG 11684 --- [http-nio-9443-exec-2] c.p.e.h.controllers.MachineController    : /fetch-machines-with-code-like/{codeLike} Success
2020-05-18 14:30:11.072 DEBUG 11684 --- [http-nio-9443-exec-2] c.p.e.h.controllers.MachineController    : response: 

2020-05-18 14:31:51.021 DEBUG 11684 --- [http-nio-9443-exec-5] c.p.e.h.controllers.MachineController    : Invoked: /fetch-machines-with-code-like/{codeLike}
2020-05-18 14:31:51.025 DEBUG 11684 --- [http-nio-9443-exec-5] c.p.e.h.controllers.MachineController    : codeLike: A
2020-05-18 14:31:51.315 DEBUG 11684 --- [http-nio-9443-exec-6] c.p.e.h.controllers.MachineController    : Invoked: /fetch-machines-with-code-like/{codeLike}
2020-05-18 14:31:51.315 DEBUG 11684 --- [http-nio-9443-exec-6] c.p.e.h.controllers.MachineController    : codeLike: AS
2020-05-18 14:31:51.504 DEBUG 11684 --- [http-nio-9443-exec-7] c.p.e.h.controllers.MachineController    : Invoked: /fetch-machines-with-code-like/{codeLike}
2020-05-18 14:31:51.505 DEBUG 11684 --- [http-nio-9443-exec-7] c.p.e.h.controllers.MachineController    : codeLike: ASB
2020-05-18 14:31:51.731 DEBUG 11684 --- [http-nio-9443-exec-5] c.p.e.h.controllers.MachineController    : /fetch-machines-with-code-like/{codeLike} Success
2020-05-18 14:31:51.732 DEBUG 11684 --- [http-nio-9443-exec-5] c.p.e.h.controllers.MachineController    : response: 

2020-05-18 14:31:51.760 DEBUG 11684 --- [http-nio-9443-exec-8] c.p.e.h.controllers.MachineController    : Invoked: /fetch-machines-with-code-like/{codeLike}
2020-05-18 14:31:51.760 DEBUG 11684 --- [http-nio-9443-exec-8] c.p.e.h.controllers.MachineController    : codeLike: ASB
2020-05-18 14:31:52.015 DEBUG 11684 --- [http-nio-9443-exec-6] c.p.e.h.controllers.MachineController    : /fetch-machines-with-code-like/{codeLike} Success
2020-05-18 14:31:52.016 DEBUG 11684 --- [http-nio-9443-exec-6] c.p.e.h.controllers.MachineController    : response: 

2020-05-18 14:31:52.015 DEBUG 11684 --- [http-nio-9443-exec-8] c.p.e.h.controllers.MachineController    : /fetch-machines-with-code-like/{codeLike} Success
2020-05-18 14:31:52.021 DEBUG 11684 --- [http-nio-9443-exec-8] c.p.e.h.controllers.MachineController    : response: 

2020-05-18 14:31:52.036 DEBUG 11684 --- [http-nio-9443-exec-7] c.p.e.h.controllers.MachineController    : /fetch-machines-with-code-like/{codeLike} Success
2020-05-18 14:31:52.037 DEBUG 11684 --- [http-nio-9443-exec-7] c.p.e.h.controllers.MachineController    : response: 

2020-05-18 14:31:52.105 DEBUG 11684 --- [http-nio-9443-exec-9] c.p.e.h.controllers.MachineController    : Invoked: /fetch-machines-with-code-like/{codeLike}
2020-05-18 14:31:52.106 DEBUG 11684 --- [http-nio-9443-exec-9] c.p.e.h.controllers.MachineController    : codeLike: ASB -
2020-05-18 14:31:52.367 DEBUG 11684 --- [http-nio-9443-exec-9] c.p.e.h.controllers.MachineController    : /fetch-machines-with-code-like/{codeLike} Success
2020-05-18 14:31:52.367 DEBUG 11684 --- [http-nio-9443-exec-9] c.p.e.h.controllers.MachineController    : response: 

2020-05-18 14:31:53.030 DEBUG 11684 --- [http-nio-9443-exec-10] c.p.e.h.controllers.MachineController    : Invoked: /fetch-machines-with-code-like/{codeLike}
2020-05-18 14:31:53.030 DEBUG 11684 --- [http-nio-9443-exec-10] c.p.e.h.controllers.MachineController    : codeLike: ASB -
2020-05-18 14:31:53.765 DEBUG 11684 --- [http-nio-9443-exec-10] c.p.e.h.controllers.MachineController    : /fetch-machines-with-code-like/{codeLike} Success
2020-05-18 14:31:53.766 DEBUG 11684 --- [http-nio-9443-exec-10] c.p.e.h.controllers.MachineController    : response: 

2020-05-18 14:32:02.580 DEBUG 11684 --- [http-nio-9443-exec-3] c.p.e.h.controllers.MachineController    : Invoked: /fetch-machines-with-code-like/{codeLike}
2020-05-18 14:32:02.580 DEBUG 11684 --- [http-nio-9443-exec-3] c.p.e.h.controllers.MachineController    : codeLike: ASB - 4
2020-05-18 14:32:02.603 DEBUG 11684 --- [http-nio-9443-exec-3] c.p.e.h.controllers.MachineController    : /fetch-machines-with-code-like/{codeLike} Success
2020-05-18 14:32:02.604 DEBUG 11684 --- [http-nio-9443-exec-3] c.p.e.h.controllers.MachineController    : response: 

2020-05-18 14:32:02.777 DEBUG 11684 --- [http-nio-9443-exec-1] c.p.e.h.controllers.MachineController    : Invoked: /fetch-machines-with-code-like/{codeLike}
2020-05-18 14:32:02.778 DEBUG 11684 --- [http-nio-9443-exec-1] c.p.e.h.controllers.MachineController    : codeLike: ASB - 46
2020-05-18 14:32:02.785 DEBUG 11684 --- [http-nio-9443-exec-1] c.p.e.h.controllers.MachineController    : /fetch-machines-with-code-like/{codeLike} Success
2020-05-18 14:32:02.786 DEBUG 11684 --- [http-nio-9443-exec-1] c.p.e.h.controllers.MachineController    : response: 

2020-05-18 14:34:33.449 DEBUG 11684 --- [http-nio-9443-exec-8] c.p.e.h.controllers.MachineController    : Invoked: /fetch-machines-with-code-like/{codeLike}
2020-05-18 14:34:33.450 DEBUG 11684 --- [http-nio-9443-exec-8] c.p.e.h.controllers.MachineController    : codeLike: a
2020-05-18 14:34:33.472 DEBUG 11684 --- [http-nio-9443-exec-8] c.p.e.h.controllers.MachineController    : /fetch-machines-with-code-like/{codeLike} Success
2020-05-18 14:34:33.475 DEBUG 11684 --- [http-nio-9443-exec-8] c.p.e.h.controllers.MachineController    : response: 

2020-05-18 14:34:33.906 DEBUG 11684 --- [http-nio-9443-exec-6] c.p.e.h.controllers.MachineController    : Invoked: /fetch-machines-with-code-like/{codeLike}
2020-05-18 14:34:33.906 DEBUG 11684 --- [http-nio-9443-exec-6] c.p.e.h.controllers.MachineController    : codeLike: as
2020-05-18 14:34:33.920 DEBUG 11684 --- [http-nio-9443-exec-6] c.p.e.h.controllers.MachineController    : /fetch-machines-with-code-like/{codeLike} Success
2020-05-18 14:34:33.921 DEBUG 11684 --- [http-nio-9443-exec-6] c.p.e.h.controllers.MachineController    : response: 

2020-05-18 14:34:34.075 DEBUG 11684 --- [http-nio-9443-exec-7] c.p.e.h.controllers.MachineController    : Invoked: /fetch-machines-with-code-like/{codeLike}
2020-05-18 14:34:34.076 DEBUG 11684 --- [http-nio-9443-exec-7] c.p.e.h.controllers.MachineController    : codeLike: asb
2020-05-18 14:34:34.089 DEBUG 11684 --- [http-nio-9443-exec-7] c.p.e.h.controllers.MachineController    : /fetch-machines-with-code-like/{codeLike} Success
2020-05-18 14:34:34.090 DEBUG 11684 --- [http-nio-9443-exec-7] c.p.e.h.controllers.MachineController    : response: 

2020-05-18 14:34:34.260 DEBUG 11684 --- [http-nio-9443-exec-9] c.p.e.h.controllers.MachineController    : Invoked: /fetch-machines-with-code-like/{codeLike}
2020-05-18 14:34:34.261 DEBUG 11684 --- [http-nio-9443-exec-9] c.p.e.h.controllers.MachineController    : codeLike: asb
2020-05-18 14:34:34.276 DEBUG 11684 --- [http-nio-9443-exec-9] c.p.e.h.controllers.MachineController    : /fetch-machines-with-code-like/{codeLike} Success
2020-05-18 14:34:34.277 DEBUG 11684 --- [http-nio-9443-exec-9] c.p.e.h.controllers.MachineController    : response: 

2020-05-18 14:34:38.947 DEBUG 11684 --- [http-nio-9443-exec-10] c.p.e.h.controllers.MachineController    : Invoked: /fetch-machines-with-code-like/{codeLike}
2020-05-18 14:34:38.948 DEBUG 11684 --- [http-nio-9443-exec-10] c.p.e.h.controllers.MachineController    : codeLike: asb -
2020-05-18 14:34:38.992 DEBUG 11684 --- [http-nio-9443-exec-10] c.p.e.h.controllers.MachineController    : /fetch-machines-with-code-like/{codeLike} Success
2020-05-18 14:34:38.993 DEBUG 11684 --- [http-nio-9443-exec-10] c.p.e.h.controllers.MachineController    : response: 

2020-05-18 14:34:39.567 DEBUG 11684 --- [http-nio-9443-exec-3] c.p.e.h.controllers.MachineController    : Invoked: /fetch-machines-with-code-like/{codeLike}
2020-05-18 14:34:39.568 DEBUG 11684 --- [http-nio-9443-exec-3] c.p.e.h.controllers.MachineController    : codeLike: asb -
2020-05-18 14:34:39.580 DEBUG 11684 --- [http-nio-9443-exec-3] c.p.e.h.controllers.MachineController    : /fetch-machines-with-code-like/{codeLike} Success
2020-05-18 14:34:39.580 DEBUG 11684 --- [http-nio-9443-exec-3] c.p.e.h.controllers.MachineController    : response: 

2020-05-18 14:34:40.456 DEBUG 11684 --- [http-nio-9443-exec-1] c.p.e.h.controllers.MachineController    : Invoked: /fetch-machines-with-code-like/{codeLike}
2020-05-18 14:34:40.456 DEBUG 11684 --- [http-nio-9443-exec-1] c.p.e.h.controllers.MachineController    : codeLike: asb - 4
2020-05-18 14:34:40.469 DEBUG 11684 --- [http-nio-9443-exec-1] c.p.e.h.controllers.MachineController    : /fetch-machines-with-code-like/{codeLike} Success
2020-05-18 14:34:40.470 DEBUG 11684 --- [http-nio-9443-exec-1] c.p.e.h.controllers.MachineController    : response: 

2020-05-18 14:34:40.741 DEBUG 11684 --- [http-nio-9443-exec-2] c.p.e.h.controllers.MachineController    : Invoked: /fetch-machines-with-code-like/{codeLike}
2020-05-18 14:34:40.741 DEBUG 11684 --- [http-nio-9443-exec-2] c.p.e.h.controllers.MachineController    : codeLike: asb - 46
2020-05-18 14:34:40.773 DEBUG 11684 --- [http-nio-9443-exec-2] c.p.e.h.controllers.MachineController    : /fetch-machines-with-code-like/{codeLike} Success
2020-05-18 14:34:40.774 DEBUG 11684 --- [http-nio-9443-exec-2] c.p.e.h.controllers.MachineController    : response: 

2020-05-18 14:35:31.427 DEBUG 11684 --- [http-nio-9443-exec-4] c.p.e.h.controllers.MachineController    : Invoked: /fetch-machines-with-code-like/{codeLike}
2020-05-18 14:35:31.428 DEBUG 11684 --- [http-nio-9443-exec-4] c.p.e.h.controllers.MachineController    : codeLike: asb - 4
2020-05-18 14:35:31.447 DEBUG 11684 --- [http-nio-9443-exec-4] c.p.e.h.controllers.MachineController    : /fetch-machines-with-code-like/{codeLike} Success
2020-05-18 14:35:31.447 DEBUG 11684 --- [http-nio-9443-exec-4] c.p.e.h.controllers.MachineController    : response: 

2020-05-18 14:35:31.665 DEBUG 11684 --- [http-nio-9443-exec-5] c.p.e.h.controllers.MachineController    : Invoked: /fetch-machines-with-code-like/{codeLike}
2020-05-18 14:35:31.665 DEBUG 11684 --- [http-nio-9443-exec-5] c.p.e.h.controllers.MachineController    : codeLike: asb -
2020-05-18 14:35:31.734 DEBUG 11684 --- [http-nio-9443-exec-5] c.p.e.h.controllers.MachineController    : /fetch-machines-with-code-like/{codeLike} Success
2020-05-18 14:35:31.734 DEBUG 11684 --- [http-nio-9443-exec-5] c.p.e.h.controllers.MachineController    : response: 

2020-05-18 14:35:31.919 DEBUG 11684 --- [http-nio-9443-exec-8] c.p.e.h.controllers.MachineController    : Invoked: /fetch-machines-with-code-like/{codeLike}
2020-05-18 14:35:31.919 DEBUG 11684 --- [http-nio-9443-exec-8] c.p.e.h.controllers.MachineController    : codeLike: asb -
2020-05-18 14:35:31.945 DEBUG 11684 --- [http-nio-9443-exec-8] c.p.e.h.controllers.MachineController    : /fetch-machines-with-code-like/{codeLike} Success
2020-05-18 14:35:31.946 DEBUG 11684 --- [http-nio-9443-exec-8] c.p.e.h.controllers.MachineController    : response: 

2020-05-18 14:35:32.272 DEBUG 11684 --- [http-nio-9443-exec-6] c.p.e.h.controllers.MachineController    : Invoked: /fetch-machines-with-code-like/{codeLike}
2020-05-18 14:35:32.276 DEBUG 11684 --- [http-nio-9443-exec-6] c.p.e.h.controllers.MachineController    : codeLike: asb
2020-05-18 14:35:32.340 DEBUG 11684 --- [http-nio-9443-exec-6] c.p.e.h.controllers.MachineController    : /fetch-machines-with-code-like/{codeLike} Success
2020-05-18 14:35:32.341 DEBUG 11684 --- [http-nio-9443-exec-6] c.p.e.h.controllers.MachineController    : response: 

2020-05-18 14:35:32.890 DEBUG 11684 --- [http-nio-9443-exec-7] c.p.e.h.controllers.MachineController    : Invoked: /fetch-machines-with-code-like/{codeLike}
2020-05-18 14:35:32.901 DEBUG 11684 --- [http-nio-9443-exec-7] c.p.e.h.controllers.MachineController    : codeLike: asb
2020-05-18 14:35:32.926 DEBUG 11684 --- [http-nio-9443-exec-7] c.p.e.h.controllers.MachineController    : /fetch-machines-with-code-like/{codeLike} Success
2020-05-18 14:35:32.927 DEBUG 11684 --- [http-nio-9443-exec-7] c.p.e.h.controllers.MachineController    : response: 

2020-05-18 14:35:58.790 DEBUG 11684 --- [http-nio-9443-exec-9] c.p.e.h.controllers.MachineController    : Invoked: /fetch-machines-with-code-like/{codeLike}
2020-05-18 14:35:58.791 DEBUG 11684 --- [http-nio-9443-exec-9] c.p.e.h.controllers.MachineController    : codeLike: as
2020-05-18 14:35:58.808 DEBUG 11684 --- [http-nio-9443-exec-9] c.p.e.h.controllers.MachineController    : /fetch-machines-with-code-like/{codeLike} Success
2020-05-18 14:35:58.809 DEBUG 11684 --- [http-nio-9443-exec-9] c.p.e.h.controllers.MachineController    : response: 

2020-05-18 14:35:58.985 DEBUG 11684 --- [http-nio-9443-exec-10] c.p.e.h.controllers.MachineController    : Invoked: /fetch-machines-with-code-like/{codeLike}
2020-05-18 14:35:58.985 DEBUG 11684 --- [http-nio-9443-exec-10] c.p.e.h.controllers.MachineController    : codeLike: a
2020-05-18 14:35:59.037 DEBUG 11684 --- [http-nio-9443-exec-10] c.p.e.h.controllers.MachineController    : /fetch-machines-with-code-like/{codeLike} Success
2020-05-18 14:35:59.038 DEBUG 11684 --- [http-nio-9443-exec-10] c.p.e.h.controllers.MachineController    : response: 

2020-05-18 14:36:05.175 DEBUG 11684 --- [http-nio-9443-exec-3] c.p.e.h.controllers.MachineController    : Invoked: /fetch-machines-with-code-like/{codeLike}
2020-05-18 14:36:05.176 DEBUG 11684 --- [http-nio-9443-exec-3] c.p.e.h.controllers.MachineController    : codeLike: a
2020-05-18 14:36:05.201 DEBUG 11684 --- [http-nio-9443-exec-3] c.p.e.h.controllers.MachineController    : /fetch-machines-with-code-like/{codeLike} Success
2020-05-18 14:36:05.201 DEBUG 11684 --- [http-nio-9443-exec-3] c.p.e.h.controllers.MachineController    : response: 

2020-05-18 14:36:05.347 DEBUG 11684 --- [http-nio-9443-exec-1] c.p.e.h.controllers.MachineController    : Invoked: /fetch-machines-with-code-like/{codeLike}
2020-05-18 14:36:05.347 DEBUG 11684 --- [http-nio-9443-exec-1] c.p.e.h.controllers.MachineController    : codeLike: as
2020-05-18 14:36:05.404 DEBUG 11684 --- [http-nio-9443-exec-1] c.p.e.h.controllers.MachineController    : /fetch-machines-with-code-like/{codeLike} Success
2020-05-18 14:36:05.404 DEBUG 11684 --- [http-nio-9443-exec-1] c.p.e.h.controllers.MachineController    : response: 

2020-05-18 14:36:05.535 DEBUG 11684 --- [http-nio-9443-exec-2] c.p.e.h.controllers.MachineController    : Invoked: /fetch-machines-with-code-like/{codeLike}
2020-05-18 14:36:05.535 DEBUG 11684 --- [http-nio-9443-exec-2] c.p.e.h.controllers.MachineController    : codeLike: asb
2020-05-18 14:36:05.596 DEBUG 11684 --- [http-nio-9443-exec-2] c.p.e.h.controllers.MachineController    : /fetch-machines-with-code-like/{codeLike} Success
2020-05-18 14:36:05.597 DEBUG 11684 --- [http-nio-9443-exec-2] c.p.e.h.controllers.MachineController    : response: 

2020-05-18 14:36:05.759 DEBUG 11684 --- [http-nio-9443-exec-4] c.p.e.h.controllers.MachineController    : Invoked: /fetch-machines-with-code-like/{codeLike}
2020-05-18 14:36:05.760 DEBUG 11684 --- [http-nio-9443-exec-4] c.p.e.h.controllers.MachineController    : codeLike: asb
2020-05-18 14:36:05.789 DEBUG 11684 --- [http-nio-9443-exec-4] c.p.e.h.controllers.MachineController    : /fetch-machines-with-code-like/{codeLike} Success
2020-05-18 14:36:05.790 DEBUG 11684 --- [http-nio-9443-exec-4] c.p.e.h.controllers.MachineController    : response: 

2020-05-18 14:36:06.147 DEBUG 11684 --- [http-nio-9443-exec-5] c.p.e.h.controllers.MachineController    : Invoked: /fetch-machines-with-code-like/{codeLike}
2020-05-18 14:36:06.147 DEBUG 11684 --- [http-nio-9443-exec-5] c.p.e.h.controllers.MachineController    : codeLike: asb -
2020-05-18 14:36:06.187 DEBUG 11684 --- [http-nio-9443-exec-5] c.p.e.h.controllers.MachineController    : /fetch-machines-with-code-like/{codeLike} Success
2020-05-18 14:36:06.187 DEBUG 11684 --- [http-nio-9443-exec-5] c.p.e.h.controllers.MachineController    : response: 

2020-05-18 14:36:08.838 DEBUG 11684 --- [http-nio-9443-exec-8] c.p.e.h.controllers.MachineController    : Invoked: /fetch-machines-with-code-like/{codeLike}
2020-05-18 14:36:08.839 DEBUG 11684 --- [http-nio-9443-exec-8] c.p.e.h.controllers.MachineController    : codeLike: asb -
2020-05-18 14:36:08.938 DEBUG 11684 --- [http-nio-9443-exec-8] c.p.e.h.controllers.MachineController    : /fetch-machines-with-code-like/{codeLike} Success
2020-05-18 14:36:08.939 DEBUG 11684 --- [http-nio-9443-exec-8] c.p.e.h.controllers.MachineController    : response: 

2020-05-18 14:36:11.838 DEBUG 11684 --- [http-nio-9443-exec-6] c.p.e.h.controllers.MachineController    : Invoked: /fetch-machines-with-code-like/{codeLike}
2020-05-18 14:36:11.838 DEBUG 11684 --- [http-nio-9443-exec-6] c.p.e.h.controllers.MachineController    : codeLike: asb - 4
2020-05-18 14:36:11.872 DEBUG 11684 --- [http-nio-9443-exec-6] c.p.e.h.controllers.MachineController    : /fetch-machines-with-code-like/{codeLike} Success
2020-05-18 14:36:11.872 DEBUG 11684 --- [http-nio-9443-exec-6] c.p.e.h.controllers.MachineController    : response: 

2020-05-18 14:36:33.934 DEBUG 11684 --- [http-nio-9443-exec-7] c.p.e.h.controllers.MachineController    : Invoked: /fetch-machines-with-code-like/{codeLike}
2020-05-18 14:36:33.935 DEBUG 11684 --- [http-nio-9443-exec-7] c.p.e.h.controllers.MachineController    : codeLike: asb -
2020-05-18 14:36:34.013 DEBUG 11684 --- [http-nio-9443-exec-7] c.p.e.h.controllers.MachineController    : /fetch-machines-with-code-like/{codeLike} Success
2020-05-18 14:36:34.013 DEBUG 11684 --- [http-nio-9443-exec-7] c.p.e.h.controllers.MachineController    : response: 

2020-05-18 14:36:34.429 DEBUG 11684 --- [http-nio-9443-exec-9] c.p.e.h.controllers.MachineController    : Invoked: /fetch-machines-with-code-like/{codeLike}
2020-05-18 14:36:34.430 DEBUG 11684 --- [http-nio-9443-exec-9] c.p.e.h.controllers.MachineController    : codeLike: asb -
2020-05-18 14:36:34.494 DEBUG 11684 --- [http-nio-9443-exec-9] c.p.e.h.controllers.MachineController    : /fetch-machines-with-code-like/{codeLike} Success
2020-05-18 14:36:34.494 DEBUG 11684 --- [http-nio-9443-exec-9] c.p.e.h.controllers.MachineController    : response: 

2020-05-18 14:36:34.511 DEBUG 11684 --- [http-nio-9443-exec-10] c.p.e.h.controllers.MachineController    : Invoked: /fetch-machines-with-code-like/{codeLike}
2020-05-18 14:36:34.511 DEBUG 11684 --- [http-nio-9443-exec-10] c.p.e.h.controllers.MachineController    : codeLike: asb
2020-05-18 14:36:34.544 DEBUG 11684 --- [http-nio-9443-exec-10] c.p.e.h.controllers.MachineController    : /fetch-machines-with-code-like/{codeLike} Success
2020-05-18 14:36:34.545 DEBUG 11684 --- [http-nio-9443-exec-10] c.p.e.h.controllers.MachineController    : response: 

2020-05-18 14:36:34.604 DEBUG 11684 --- [http-nio-9443-exec-3] c.p.e.h.controllers.MachineController    : Invoked: /fetch-machines-with-code-like/{codeLike}
2020-05-18 14:36:34.604 DEBUG 11684 --- [http-nio-9443-exec-3] c.p.e.h.controllers.MachineController    : codeLike: asb
2020-05-18 14:36:34.640 DEBUG 11684 --- [http-nio-9443-exec-1] c.p.e.h.controllers.MachineController    : Invoked: /fetch-machines-with-code-like/{codeLike}
2020-05-18 14:36:34.641 DEBUG 11684 --- [http-nio-9443-exec-1] c.p.e.h.controllers.MachineController    : codeLike: as
2020-05-18 14:36:34.693 DEBUG 11684 --- [http-nio-9443-exec-2] c.p.e.h.controllers.MachineController    : Invoked: /fetch-machines-with-code-like/{codeLike}
2020-05-18 14:36:34.693 DEBUG 11684 --- [http-nio-9443-exec-2] c.p.e.h.controllers.MachineController    : codeLike: a
2020-05-18 14:36:34.846 DEBUG 11684 --- [http-nio-9443-exec-1] c.p.e.h.controllers.MachineController    : /fetch-machines-with-code-like/{codeLike} Success
2020-05-18 14:36:34.847 DEBUG 11684 --- [http-nio-9443-exec-1] c.p.e.h.controllers.MachineController    : response: 

2020-05-18 14:36:34.887 DEBUG 11684 --- [http-nio-9443-exec-3] c.p.e.h.controllers.MachineController    : /fetch-machines-with-code-like/{codeLike} Success
2020-05-18 14:36:34.888 DEBUG 11684 --- [http-nio-9443-exec-3] c.p.e.h.controllers.MachineController    : response: 

2020-05-18 14:36:34.964 DEBUG 11684 --- [http-nio-9443-exec-2] c.p.e.h.controllers.MachineController    : /fetch-machines-with-code-like/{codeLike} Success
2020-05-18 14:36:34.965 DEBUG 11684 --- [http-nio-9443-exec-2] c.p.e.h.controllers.MachineController    : response: 

2020-05-18 14:39:22.589  INFO 11684 --- [SpringContextShutdownHook] o.s.s.concurrent.ThreadPoolTaskExecutor  : Shutting down ExecutorService 'applicationTaskExecutor'
2020-05-18 14:39:22.596  INFO 11684 --- [SpringContextShutdownHook] j.LocalContainerEntityManagerFactoryBean : Closing JPA EntityManagerFactory for persistence unit 'default'
2020-05-18 14:39:22.606  INFO 11684 --- [SpringContextShutdownHook] com.zaxxer.hikari.HikariDataSource       : HikariPool-1 - Shutdown initiated...
2020-05-18 14:39:23.138  INFO 11684 --- [SpringContextShutdownHook] com.zaxxer.hikari.HikariDataSource       : HikariPool-1 - Shutdown completed.
