2020-05-21 16:19:18.896  INFO 17428 --- [main] c.p.erp.heap_flow.HeapFlowApplication    : Starting HeapFlowApplication on RAIPUR with PID 17428 (D:\personal-learning\code2\heap-flow\heap_flow\target\classes started by dilawar in D:\personal-learning\code2\heap-flow\heap_flow)
2020-05-21 16:19:18.904 DEBUG 17428 --- [main] c.p.erp.heap_flow.HeapFlowApplication    : Running with Spring Boot v2.2.6.RELEASE, Spring v5.2.5.RELEASE
2020-05-21 16:19:18.905  INFO 17428 --- [main] c.p.erp.heap_flow.HeapFlowApplication    : No active profile set, falling back to default profiles: default
2020-05-21 16:19:22.921  INFO 17428 --- [main] .s.d.r.c.RepositoryConfigurationDelegate : Bootstrapping Spring Data JPA repositories in DEFAULT mode.
2020-05-21 16:19:23.380  INFO 17428 --- [main] .s.d.r.c.RepositoryConfigurationDelegate : Finished Spring Data repository scanning in 402ms. Found 7 JPA repository interfaces.
2020-05-21 16:19:25.804  INFO 17428 --- [main] o.s.b.w.embedded.tomcat.TomcatWebServer  : Tomcat initialized with port(s): 9443 (http)
2020-05-21 16:19:25.841  INFO 17428 --- [main] o.apache.catalina.core.StandardService   : Starting service [Tomcat]
2020-05-21 16:19:25.842  INFO 17428 --- [main] org.apache.catalina.core.StandardEngine  : Starting Servlet engine: [Apache Tomcat/9.0.33]
2020-05-21 16:19:26.530  INFO 17428 --- [main] o.a.c.c.C.[Tomcat].[localhost].[/]       : Initializing Spring embedded WebApplicationContext
2020-05-21 16:19:26.531  INFO 17428 --- [main] o.s.web.context.ContextLoader            : Root WebApplicationContext: initialization completed in 7435 ms
2020-05-21 16:19:27.102  INFO 17428 --- [main] com.zaxxer.hikari.HikariDataSource       : HikariPool-1 - Starting...
2020-05-21 16:19:28.321  INFO 17428 --- [main] com.zaxxer.hikari.HikariDataSource       : HikariPool-1 - Start completed.
2020-05-21 16:19:28.538  INFO 17428 --- [main] o.hibernate.jpa.internal.util.LogHelper  : HHH000204: Processing PersistenceUnitInfo [name: default]
2020-05-21 16:19:28.910  INFO 17428 --- [main] org.hibernate.Version                    : HHH000412: Hibernate ORM core version 5.4.12.Final
2020-05-21 16:19:29.540  INFO 17428 --- [main] o.hibernate.annotations.common.Version   : HCANN000001: Hibernate Commons Annotations {5.1.0.Final}
2020-05-21 16:19:30.097  INFO 17428 --- [main] org.hibernate.dialect.Dialect            : HHH000400: Using dialect: org.hibernate.dialect.MySQL8Dialect
2020-05-21 16:19:32.894  INFO 17428 --- [main] o.h.e.t.j.p.i.JtaPlatformInitiator       : HHH000490: Using JtaPlatform implementation: [org.hibernate.engine.transaction.jta.platform.internal.NoJtaPlatform]
2020-05-21 16:19:33.189  INFO 17428 --- [main] j.LocalContainerEntityManagerFactoryBean : Initialized JPA EntityManagerFactory for persistence unit 'default'
2020-05-21 16:19:35.256  WARN 17428 --- [main] JpaBaseConfiguration$JpaWebConfiguration : spring.jpa.open-in-view is enabled by default. Therefore, database queries may be performed during view rendering. Explicitly configure spring.jpa.open-in-view to disable this warning
2020-05-21 16:19:35.672  INFO 17428 --- [main] o.s.s.concurrent.ThreadPoolTaskExecutor  : Initializing ExecutorService 'applicationTaskExecutor'
2020-05-21 16:19:36.780  INFO 17428 --- [main] o.apache.catalina.core.StandardService   : Stopping service [Tomcat]
2020-05-21 16:19:36.802  INFO 17428 --- [main] ConditionEvaluationReportLoggingListener : 

Error starting ApplicationContext. To display the conditions report re-run your application with 'debug' enabled.
2020-05-21 16:19:36.805 ERROR 17428 --- [main] o.s.b.d.LoggingFailureAnalysisReporter   : 

***************************
APPLICATION FAILED TO START
***************************

Description:

Web server failed to start. Port 9443 was already in use.

Action:

Identify and stop the process that's listening on port 9443 or configure this application to listen on another port.

2020-05-21 16:19:36.810  INFO 17428 --- [main] o.s.s.concurrent.ThreadPoolTaskExecutor  : Shutting down ExecutorService 'applicationTaskExecutor'
2020-05-21 16:19:36.815  INFO 17428 --- [main] j.LocalContainerEntityManagerFactoryBean : Closing JPA EntityManagerFactory for persistence unit 'default'
2020-05-21 16:19:36.818  INFO 17428 --- [main] com.zaxxer.hikari.HikariDataSource       : HikariPool-1 - Shutdown initiated...
2020-05-21 16:19:36.935  INFO 17428 --- [main] com.zaxxer.hikari.HikariDataSource       : HikariPool-1 - Shutdown completed.
2020-05-21 16:20:46.117  INFO 14924 --- [main] c.p.erp.heap_flow.HeapFlowApplication    : Starting HeapFlowApplication on RAIPUR with PID 14924 (D:\personal-learning\code2\heap-flow\heap_flow\target\classes started by dilawar in D:\personal-learning\code2\heap-flow\heap_flow)
2020-05-21 16:20:46.122 DEBUG 14924 --- [main] c.p.erp.heap_flow.HeapFlowApplication    : Running with Spring Boot v2.2.6.RELEASE, Spring v5.2.5.RELEASE
2020-05-21 16:20:46.123  INFO 14924 --- [main] c.p.erp.heap_flow.HeapFlowApplication    : No active profile set, falling back to default profiles: default
2020-05-21 16:20:50.131  INFO 14924 --- [main] .s.d.r.c.RepositoryConfigurationDelegate : Bootstrapping Spring Data JPA repositories in DEFAULT mode.
2020-05-21 16:20:50.508  INFO 14924 --- [main] .s.d.r.c.RepositoryConfigurationDelegate : Finished Spring Data repository scanning in 352ms. Found 7 JPA repository interfaces.
2020-05-21 16:20:52.965  INFO 14924 --- [main] o.s.b.w.embedded.tomcat.TomcatWebServer  : Tomcat initialized with port(s): 9443 (http)
2020-05-21 16:20:52.979  INFO 14924 --- [main] o.apache.catalina.core.StandardService   : Starting service [Tomcat]
2020-05-21 16:20:52.979  INFO 14924 --- [main] org.apache.catalina.core.StandardEngine  : Starting Servlet engine: [Apache Tomcat/9.0.33]
2020-05-21 16:20:53.502  INFO 14924 --- [main] o.a.c.c.C.[Tomcat].[localhost].[/]       : Initializing Spring embedded WebApplicationContext
2020-05-21 16:20:53.502  INFO 14924 --- [main] o.s.web.context.ContextLoader            : Root WebApplicationContext: initialization completed in 7114 ms
2020-05-21 16:20:54.021  INFO 14924 --- [main] com.zaxxer.hikari.HikariDataSource       : HikariPool-1 - Starting...
2020-05-21 16:20:55.065  INFO 14924 --- [main] com.zaxxer.hikari.HikariDataSource       : HikariPool-1 - Start completed.
2020-05-21 16:20:55.245  INFO 14924 --- [main] o.hibernate.jpa.internal.util.LogHelper  : HHH000204: Processing PersistenceUnitInfo [name: default]
2020-05-21 16:20:55.661  INFO 14924 --- [main] org.hibernate.Version                    : HHH000412: Hibernate ORM core version 5.4.12.Final
2020-05-21 16:20:56.281  INFO 14924 --- [main] o.hibernate.annotations.common.Version   : HCANN000001: Hibernate Commons Annotations {5.1.0.Final}
2020-05-21 16:20:56.793  INFO 14924 --- [main] org.hibernate.dialect.Dialect            : HHH000400: Using dialect: org.hibernate.dialect.MySQL8Dialect
2020-05-21 16:20:59.356  INFO 14924 --- [main] o.h.e.t.j.p.i.JtaPlatformInitiator       : HHH000490: Using JtaPlatform implementation: [org.hibernate.engine.transaction.jta.platform.internal.NoJtaPlatform]
2020-05-21 16:20:59.505  INFO 14924 --- [main] j.LocalContainerEntityManagerFactoryBean : Initialized JPA EntityManagerFactory for persistence unit 'default'
2020-05-21 16:21:01.470  WARN 14924 --- [main] JpaBaseConfiguration$JpaWebConfiguration : spring.jpa.open-in-view is enabled by default. Therefore, database queries may be performed during view rendering. Explicitly configure spring.jpa.open-in-view to disable this warning
2020-05-21 16:21:02.025  INFO 14924 --- [main] o.s.s.concurrent.ThreadPoolTaskExecutor  : Initializing ExecutorService 'applicationTaskExecutor'
2020-05-21 16:21:03.321  INFO 14924 --- [main] o.s.b.w.embedded.tomcat.TomcatWebServer  : Tomcat started on port(s): 9443 (http) with context path ''
2020-05-21 16:21:03.325  INFO 14924 --- [main] c.p.erp.heap_flow.HeapFlowApplication    : Started HeapFlowApplication in 18.581 seconds (JVM running for 20.375)
